<?xml version="1.0" encoding="UTF-8"?>
<!-- Generated by org.testng.reporters.JUnitReportReporter -->
<testsuite hostname="CO-IT005304" failures="0" tests="1" name="com.globant.automation.training.javascript.JavascriptTest" time="0.904" errors="0" timestamp="05 mar. 2020 14:54:14 GMT" skipped="0">
  <testcase classname="com.globant.automation.training.javascript.JavascriptTest" name="testInfiniteScroll" time="0.904"/>
</testsuite> <!-- com.globant.automation.training.javascript.JavascriptTest -->
