<?xml version="1.0" encoding="UTF-8"?>
<!-- Generated by org.testng.reporters.JUnitReportReporter -->
<testsuite hostname="CO-IT005304" failures="0" tests="1" name="com.globant.automation.training.fileUploads.FileUploadTest" time="2.051" errors="0" timestamp="04 mar. 2020 14:08:41 GMT" skipped="0">
  <testcase classname="com.globant.automation.training.fileUploads.FileUploadTest" name="testUploadFile" time="2.051"/>
</testsuite> <!-- com.globant.automation.training.fileUploads.FileUploadTest -->
