<?xml version="1.0" encoding="UTF-8"?>
<!-- Generated by org.testng.reporters.JUnitReportReporter -->
<testsuite hostname="CO-IT005304" failures="0" tests="1" name="com.globant.automation.training.wysiwygEditor.WysiwygEditorTest" time="1.359" errors="0" timestamp="04 mar. 2020 15:35:07 GMT" skipped="0">
  <testcase classname="com.globant.automation.training.wysiwygEditor.WysiwygEditorTest" name="testAddTextAndStyleIt" time="1.359"/>
</testsuite> <!-- com.globant.automation.training.wysiwygEditor.WysiwygEditorTest -->
