<?xml version="1.0" encoding="UTF-8"?>
<!-- Generated by org.testng.reporters.JUnitReportReporter -->
<testsuite hostname="CO-IT005304" failures="0" tests="1" name="com.globant.automation.training.hover.HoverTest" time="0.516" errors="0" timestamp="03 mar. 2020 18:47:11 GMT" skipped="0">
  <testcase classname="com.globant.automation.training.hover.HoverTest" name="testHoverUser1" time="0.516"/>
</testsuite> <!-- com.globant.automation.training.hover.HoverTest -->
