<?xml version="1.0" encoding="UTF-8"?>
<!-- Generated by org.testng.reporters.JUnitReportReporter -->
<testsuite hostname="CO-IT005304" failures="0" tests="3" name="com.globant.automation.training.javascriptalert.JavaScriptAlertTest" time="1.424" errors="0" timestamp="03 mar. 2020 22:10:36 GMT" skipped="0">
  <testcase classname="com.globant.automation.training.javascriptalert.JavaScriptAlertTest" name="testAceptJavaScrptAlert" time="0.473"/>
  <testcase classname="com.globant.automation.training.javascriptalert.JavaScriptAlertTest" name="testSetInputInAlert" time="0.470"/>
  <testcase classname="com.globant.automation.training.javascriptalert.JavaScriptAlertTest" name="testGetTextFromAlert" time="0.481"/>
</testsuite> <!-- com.globant.automation.training.javascriptalert.JavaScriptAlertTest -->
