<?xml version="1.0" encoding="UTF-8"?>
<!-- Generated by org.testng.reporters.JUnitReportReporter -->
<testsuite hostname="CO-IT005304" failures="0" tests="1" name="com.globant.automation.training.navigation.NavigationTest" time="5.023" errors="0" timestamp="09 mar. 2020 15:47:28 GMT" skipped="0">
  <testcase classname="com.globant.automation.training.navigation.NavigationTest" name="testValidateStartButtonInNewTab" time="5.023"/>
</testsuite> <!-- com.globant.automation.training.navigation.NavigationTest -->
