<?xml version="1.0" encoding="UTF-8"?>
<!-- Generated by org.testng.reporters.JUnitReportReporter -->
<testsuite hostname="CO-IT005304" failures="0" tests="1" name="com.globant.automation.training.keypresses.KeyPressesTest" time="0.309" errors="0" timestamp="03 mar. 2020 19:26:18 GMT" skipped="0">
  <testcase classname="com.globant.automation.training.keypresses.KeyPressesTest" name="testPi" time="0.309"/>
</testsuite> <!-- com.globant.automation.training.keypresses.KeyPressesTest -->
