<?xml version="1.0" encoding="UTF-8"?>
<!-- Generated by org.testng.reporters.JUnitReportReporter -->
<testsuite hostname="CO-IT005304" failures="0" tests="1" name="com.globant.automation.training.javascriptalert.ContextMenuTest" time="0.678" errors="0" timestamp="04 mar. 2020 15:24:37 GMT" skipped="0">
  <testcase classname="com.globant.automation.training.javascriptalert.ContextMenuTest" name="testContextMenu" time="0.678"/>
</testsuite> <!-- com.globant.automation.training.javascriptalert.ContextMenuTest -->
