<?xml version="1.0" encoding="UTF-8"?>
<!-- Generated by org.testng.reporters.JUnitReportReporter -->
<testsuite hostname="CO-IT005304" failures="0" tests="1" name="com.globant.automation.training.login.LoginTest" time="1.018" errors="0" timestamp="03 mar. 2020 15:21:41 GMT" skipped="0">
  <testcase classname="com.globant.automation.training.login.LoginTest" name="testSuccessfullLogin" time="1.018"/>
</testsuite> <!-- com.globant.automation.training.login.LoginTest -->
