<?xml version="1.0" encoding="UTF-8"?>
<!-- Generated by org.testng.reporters.JUnitReportReporter -->
<testsuite hostname="CO-IT005304" failures="0" tests="1" name="com.globant.automation.training.dropdown.DropDownTest" time="1.074" errors="0" timestamp="05 mar. 2020 16:16:05 GMT" skipped="0">
  <testcase classname="com.globant.automation.training.dropdown.DropDownTest" name="testChangeDropDownWithJavascript" time="1.074"/>
</testsuite> <!-- com.globant.automation.training.dropdown.DropDownTest -->
