<?xml version="1.0" encoding="UTF-8"?>
<!-- Generated by org.testng.reporters.JUnitReportReporter -->
<testsuite hostname="CO-IT005304" failures="0" tests="1" name="com.globant.automation.training.forgotpassword.ForgotPasswordTest" time="1.229" errors="0" timestamp="03 mar. 2020 15:25:08 GMT" skipped="0">
  <testcase classname="com.globant.automation.training.forgotpassword.ForgotPasswordTest" name="testSentEmail" time="1.229"/>
</testsuite> <!-- com.globant.automation.training.forgotpassword.ForgotPasswordTest -->
